      JS LOG: GNOME Shell started at Mon Jun 27 2016 15:06:51 GMT-0700 (PDT)

(gnome-shell:12718): eds-WARNING **: edsf-persona-store.vala:2078: Error in address book view query: GDBus.Error:org.gnome.evolution.dataserver.AddressBook.AuthenticationRequired: Authentication Required

(gnome-shell:12718): eds-WARNING **: edsf-persona-store.vala:2078: Error in address book view query: GDBus.Error:org.gnome.evolution.dataserver.AddressBook.AuthenticationRequired: Authentication Required

(gnome-shell:12718): eds-WARNING **: edsf-persona-store.vala:2078: Error in address book view query: GDBus.Error:org.gnome.evolution.dataserver.AddressBook.AuthenticationRequired: Authentication Required

(gnome-shell:12718): eds-WARNING **: edsf-persona-store.vala:2078: Error in address book view query: GDBus.Error:org.gnome.evolution.dataserver.AddressBook.AuthenticationRequired: Authentication Required
Window manager warning: Buggy client sent a _NET_ACTIVE_WINDOW message with a timestamp of 0 for 0x2400003 (Update Man)
Window manager warning: meta_window_activate called by a pager with a 0 timestamp; the pager needs to be fixed.
      JS LOG: Removing an access point that was never added

(gnome-shell:12718): eds-WARNING **: edsf-persona-store.vala:2078: Error in address book view query: GDBus.Error:org.gnome.evolution.dataserver.AddressBook.AuthenticationRequired: Authentication Required

(gnome-shell:12718): eds-WARNING **: edsf-persona-store.vala:2078: Error in address book view query: GDBus.Error:org.gnome.evolution.dataserver.AddressBook.AuthenticationRequired: Authentication Required

(gnome-shell:12718): eds-WARNING **: edsf-persona-store.vala:2078: Error in address book view query: GDBus.Error:org.gnome.evolution.dataserver.AddressBook.AuthenticationRequired: Authentication Required

(gnome-shell:12718): eds-WARNING **: edsf-persona-store.vala:2078: Error in address book view query: GDBus.Error:org.gnome.evolution.dataserver.AddressBook.AuthenticationRequired: Authentication Required
      JS LOG: Removing an access point that was never added

(gnome-shell:12718): eds-WARNING **: edsf-persona-store.vala:2078: Error in address book view query: GDBus.Error:org.gnome.evolution.dataserver.AddressBook.AuthenticationRequired: Authentication Required

(gnome-shell:12718): eds-WARNING **: edsf-persona-store.vala:2078: Error in address book view query: GDBus.Error:org.gnome.evolution.dataserver.AddressBook.AuthenticationRequired: Authentication Required
      JS LOG: Removing an access point that was never added

(gnome-shell:12718): eds-WARNING **: edsf-persona-store.vala:2078: Error in address book view query: GDBus.Error:org.gnome.evolution.dataserver.AddressBook.AuthenticationRequired: Authentication Required

(gnome-shell:12718): eds-WARNING **: edsf-persona-store.vala:2078: Error in address book view query: GDBus.Error:org.gnome.evolution.dataserver.AddressBook.AuthenticationRequired: Authentication Required
      JS LOG: Removing an access point that was never added
      JS LOG: Removing an access point that was never added
      JS LOG: Removing an access point that was never added
      JS LOG: Removing an access point that was never added

(gnome-shell:12718): eds-WARNING **: edsf-persona-store.vala:2078: Error in address book view query: GDBus.Error:org.gnome.evolution.dataserver.AddressBook.AuthenticationRequired: Authentication Required

(gnome-shell:12718): eds-WARNING **: edsf-persona-store.vala:2078: Error in address book view query: GDBus.Error:org.gnome.evolution.dataserver.AddressBook.AuthenticationRequired: Authentication Required
      JS LOG: Removing an access point that was never added
      JS LOG: Removing an access point that was never added

(gnome-shell:12718): eds-WARNING **: edsf-persona-store.vala:2078: Error in address book view query: GDBus.Error:org.gnome.evolution.dataserver.AddressBook.AuthenticationRequired: Authentication Required

(gnome-shell:12718): eds-WARNING **: edsf-persona-store.vala:2078: Error in address book view query: GDBus.Error:org.gnome.evolution.dataserver.AddressBook.AuthenticationRequired: Authentication Required
      JS LOG: Removing an access point that was never added
      JS LOG: Removing an access point that was never added
      JS LOG: Removing an access point that was never added
      JS LOG: Removing an access point that was never added

(gnome-shell:12718): eds-WARNING **: edsf-persona-store.vala:2078: Error in address book view query: GDBus.Error:org.gnome.evolution.dataserver.AddressBook.AuthenticationRequired: Authentication Required

(gnome-shell:12718): eds-WARNING **: edsf-persona-store.vala:2078: Error in address book view query: GDBus.Error:org.gnome.evolution.dataserver.AddressBook.AuthenticationRequired: Authentication Required
      JS LOG: Removing an access point that was never added
      JS LOG: Removing an access point that was never added
      JS LOG: Removing an access point that was never added
      JS LOG: Removing an access point that was never added

(gnome-shell:12718): eds-WARNING **: edsf-persona-store.vala:2078: Error in address book view query: GDBus.Error:org.gnome.evolution.dataserver.AddressBook.AuthenticationRequired: Authentication Required

(gnome-shell:12718): eds-WARNING **: edsf-persona-store.vala:2078: Error in address book view query: GDBus.Error:org.gnome.evolution.dataserver.AddressBook.AuthenticationRequired: Authentication Required
      JS LOG: Removing an access point that was never added
      JS LOG: Removing an access point that was never added

(gnome-shell:12718): eds-WARNING **: edsf-persona-store.vala:2078: Error in address book view query: GDBus.Error:org.gnome.evolution.dataserver.AddressBook.AuthenticationRequired: Authentication Required

(gnome-shell:12718): eds-WARNING **: edsf-persona-store.vala:2078: Error in address book view query: GDBus.Error:org.gnome.evolution.dataserver.AddressBook.AuthenticationRequired: Authentication Required
      JS LOG: Removing an access point that was never added
Window manager warning: Log level 8: meta_window_move_resize: assertion `!window->override_redirect' failed
Window manager warning: Log level 8: meta_window_move_resize: assertion `!window->override_redirect' failed
Window manager warning: Log level 8: meta_window_move_resize: assertion `!window->override_redirect' failed
Window manager warning: Log level 8: meta_window_move_resize: assertion `!window->override_redirect' failed
Window manager warning: Log level 8: meta_window_move_resize: assertion `!window->override_redirect' failed
Window manager warning: Log level 8: meta_window_move_resize: assertion `!window->override_redirect' failed
      JS LOG: Removing an access point that was never added
Window manager warning: Log level 8: meta_window_change_workspace: assertion `!window->override_redirect' failed
Window manager warning: Buggy client sent a _NET_ACTIVE_WINDOW message with a timestamp of 0 for 0x2400003 (Update Man)
Window manager warning: meta_window_activate called by a pager with a 0 timestamp; the pager needs to be fixed.
      JS LOG: Removing an access point that was never added
      JS LOG: Removing an access point that was never added
      JS LOG: Removing an access point that was never added
      JS LOG: Removing an access point that was never added
      JS LOG: Removing an access point that was never added
Java HotSpot(TM) 64-Bit Server VM warning: ignoring option MaxPermSize=256m; support was removed in 8.0
log4j:WARN No appenders could be found for logger (org.eclipse.m2e.core.internal.project.registry.ProjectRegistryRefreshJob).
log4j:WARN Please initialize the log4j system properly.
Window manager warning: Buggy client sent a _NET_ACTIVE_WINDOW message with a timestamp of 0 for 0x28002d1 (Java - Ecl)
Window manager warning: meta_window_activate called by a pager with a 0 timestamp; the pager needs to be fixed.
Java HotSpot(TM) 64-Bit Server VM warning: ignoring option MaxPermSize=256m; support was removed in 8.0
log4j:WARN No appenders could be found for logger (org.eclipse.jgit.util.FS).
log4j:WARN Please initialize the log4j system properly.
      JS LOG: Removing an access point that was never added
Window manager warning: Buggy client sent a _NET_ACTIVE_WINDOW message with a timestamp of 0 for 0x28038c4 (Open Type )
Window manager warning: meta_window_activate called by a pager with a 0 timestamp; the pager needs to be fixed.
Window manager warning: Buggy client sent a _NET_ACTIVE_WINDOW message with a timestamp of 0 for 0x28001e8 (Java - Ecl)
Window manager warning: meta_window_activate called by a pager with a 0 timestamp; the pager needs to be fixed.
Window manager warning: Buggy client sent a _NET_ACTIVE_WINDOW message with a timestamp of 0 for 0x2804f14 (Open In Ca)
Window manager warning: meta_window_activate called by a pager with a 0 timestamp; the pager needs to be fixed.
Window manager warning: Buggy client sent a _NET_ACTIVE_WINDOW message with a timestamp of 0 for 0x28001e8 (Java - org)
Window manager warning: meta_window_activate called by a pager with a 0 timestamp; the pager needs to be fixed.
      JS LOG: Removing an access point that was never added

(gnome-shell:12718): eds-WARNING **: edsf-persona-store.vala:2078: Error in address book view query: GDBus.Error:org.gnome.evolution.dataserver.AddressBook.AuthenticationRequired: Authentication Required

(gnome-shell:12718): eds-WARNING **: edsf-persona-store.vala:2078: Error in address book view query: GDBus.Error:org.gnome.evolution.dataserver.AddressBook.AuthenticationRequired: Authentication Required
      JS LOG: Removing an access point that was never added
      JS LOG: Removing an access point that was never added
      JS LOG: Removing an access point that was never added
      JS LOG: Removing an access point that was never added
      JS LOG: Removing an access point that was never added
      JS LOG: Removing an access point that was never added
      JS LOG: Removing an access point that was never added
      JS LOG: Removing an access point that was never added
      JS LOG: Removing an access point that was never added
      JS LOG: Removing an access point that was never added
      JS LOG: Removing an access point that was never added
      JS LOG: Removing an access point that was never added
      JS LOG: Removing an access point that was never added
      JS LOG: Removing an access point that was never added
      JS LOG: Removing an access point that was never added
      JS LOG: Removing an access point that was never added
      JS LOG: Removing an access point that was never added
      JS LOG: Removing an access point that was never added

(gnome-shell:12718): eds-WARNING **: edsf-persona-store.vala:2078: Error in address book view query: GDBus.Error:org.gnome.evolution.dataserver.AddressBook.AuthenticationRequired: Authentication Required

(gnome-shell:12718): eds-WARNING **: edsf-persona-store.vala:2078: Error in address book view query: GDBus.Error:org.gnome.evolution.dataserver.AddressBook.AuthenticationRequired: Authentication Required
      JS LOG: Removing an access point that was never added
      JS LOG: Removing an access point that was never added
      JS LOG: Removing an access point that was never added
      JS LOG: Removing an access point that was never added
      JS LOG: Removing an access point that was never added
Java HotSpot(TM) 64-Bit Server VM warning: ignoring option MaxPermSize=256m; support was removed in 8.0
log4j:WARN No appenders could be found for logger (org.eclipse.jgit.util.FS).
log4j:WARN Please initialize the log4j system properly.
      JS LOG: Removing an access point that was never added

(gnome-shell:12718): eds-WARNING **: edsf-persona-store.vala:2078: Error in address book view query: GDBus.Error:org.gnome.evolution.dataserver.AddressBook.AuthenticationRequired: Authentication Required

(gnome-shell:12718): eds-WARNING **: edsf-persona-store.vala:2078: Error in address book view query: GDBus.Error:org.gnome.evolution.dataserver.AddressBook.AuthenticationRequired: Authentication Required
      JS LOG: Removing an access point that was never added

** (gnome-control-center:7844): CRITICAL **: get_column_number: assertion `i < gtk_tree_view_get_n_columns (treeview)' failed
Window manager warning: Got a request to focus 0x1e00003 (Bluetooth) with a timestamp of 0.  This shouldn't happen!
** Message: has_config_widget 64:BC:0C:E2:5F:98 OBEXObjectPush
** Message: has_config_widget 64:BC:0C:E2:5F:98 AudioSource
** Message: has_config_widget 64:BC:0C:E2:5F:98 A/V_RemoteControlTarget
** Message: has_config_widget 64:BC:0C:E2:5F:98 A/V_RemoteControl
** Message: has_config_widget 64:BC:0C:E2:5F:98 Headset_-_AG
** Message: has_config_widget 64:BC:0C:E2:5F:98 PANU
** Message: has_config_widget 64:BC:0C:E2:5F:98 NAP
** Message: has_config_widget 64:BC:0C:E2:5F:98 HandsfreeAudioGateway
** Message: has_config_widget 64:BC:0C:E2:5F:98 SIM_Access
** Message: has_config_widget 64:BC:0C:E2:5F:98 Phonebook_Access_-_PSE
** Message: has_config_widget 64:BC:0C:E2:5F:98 OBEXObjectPush
** Message: has_config_widget 64:BC:0C:E2:5F:98 AudioSource
** Message: has_config_widget 64:BC:0C:E2:5F:98 A/V_RemoteControlTarget
** Message: has_config_widget 64:BC:0C:E2:5F:98 A/V_RemoteControl
** Message: has_config_widget 64:BC:0C:E2:5F:98 Headset_-_AG
** Message: has_config_widget 64:BC:0C:E2:5F:98 PANU
** Message: has_config_widget 64:BC:0C:E2:5F:98 NAP
** Message: has_config_widget 64:BC:0C:E2:5F:98 HandsfreeAudioGateway
** Message: has_config_widget 64:BC:0C:E2:5F:98 SIM_Access
** Message: has_config_widget 64:BC:0C:E2:5F:98 Phonebook_Access_-_PSE
** Message: Default Bluetooth adapter is powered
** Message: has_config_widget 64:BC:0C:E2:5F:98 OBEXObjectPush
** Message: has_config_widget 64:BC:0C:E2:5F:98 AudioSource
** Message: has_config_widget 64:BC:0C:E2:5F:98 A/V_RemoteControlTarget
** Message: has_config_widget 64:BC:0C:E2:5F:98 A/V_RemoteControl
** Message: has_config_widget 64:BC:0C:E2:5F:98 Headset_-_AG
** Message: has_config_widget 64:BC:0C:E2:5F:98 PANU
** Message: has_config_widget 64:BC:0C:E2:5F:98 NAP
** Message: has_config_widget 64:BC:0C:E2:5F:98 HandsfreeAudioGateway
** Message: has_config_widget 64:BC:0C:E2:5F:98 SIM_Access
** Message: has_config_widget 64:BC:0C:E2:5F:98 Phonebook_Access_-_PSE
** Message: has_config_widget 64:BC:0C:E2:5F:98 OBEXObjectPush
** Message: has_config_widget 64:BC:0C:E2:5F:98 AudioSource
** Message: has_config_widget 64:BC:0C:E2:5F:98 A/V_RemoteControlTarget
** Message: has_config_widget 64:BC:0C:E2:5F:98 A/V_RemoteControl
** Message: has_config_widget 64:BC:0C:E2:5F:98 Headset_-_AG
** Message: has_config_widget 64:BC:0C:E2:5F:98 PANU
** Message: has_config_widget 64:BC:0C:E2:5F:98 NAP
** Message: has_config_widget 64:BC:0C:E2:5F:98 HandsfreeAudioGateway
** Message: has_config_widget 64:BC:0C:E2:5F:98 SIM_Access
** Message: has_config_widget 64:BC:0C:E2:5F:98 Phonebook_Access_-_PSE
** Message: Default Bluetooth adapter is powered
Window manager warning: Log level 8: gtk_tree_path_get_depth: assertion `path != NULL' failed
Window manager warning: Log level 8: gtk_tree_path_get_depth: assertion `path != NULL' failed
** Message: Device '64:BC:0C:E2:5F:98' was removed; deleting connections

(gnome-control-center:7844): Gtk-CRITICAL **: gtk_tree_path_get_depth: assertion `path != NULL' failed

(gnome-control-center:7844): Gtk-CRITICAL **: gtk_tree_path_get_depth: assertion `path != NULL' failed
** Message: Removing Bluetooth connections for 64:BC:0C:E2:5F:98
Window manager warning: Buggy client sent a _NET_ACTIVE_WINDOW message with a timestamp of 0 for 0x2e00003 (Bluetooth )
Window manager warning: meta_window_activate called by a pager with a 0 timestamp; the pager needs to be fixed.
      JS LOG: Removing an access point that was never added
Window manager warning: Buggy client sent a _NET_ACTIVE_WINDOW message with a timestamp of 0 for 0x280a45f (Open Type )
Window manager warning: meta_window_activate called by a pager with a 0 timestamp; the pager needs to be fixed.
Window manager warning: Buggy client sent a _NET_ACTIVE_WINDOW message with a timestamp of 0 for 0x28001ac (Java - Ecl)
Window manager warning: meta_window_activate called by a pager with a 0 timestamp; the pager needs to be fixed.
      JS LOG: Removing an access point that was never added
      JS LOG: Removing an access point that was never added
      JS LOG: Removing an access point that was never added
Window manager warning: Buggy client sent a _NET_ACTIVE_WINDOW message with a timestamp of 0 for 0x3c00003 (Archive Ma)
Window manager warning: meta_window_activate called by a pager with a 0 timestamp; the pager needs to be fixed.
Window manager warning: Buggy client sent a _NET_ACTIVE_WINDOW message with a timestamp of 0 for 0x3c00003 (Archive Ma)
Window manager warning: meta_window_activate called by a pager with a 0 timestamp; the pager needs to be fixed.

(gnome-shell:12718): eds-WARNING **: edsf-persona-store.vala:2078: Error in address book view query: GDBus.Error:org.gnome.evolution.dataserver.AddressBook.AuthenticationRequired: Authentication Required

(gnome-shell:12718): eds-WARNING **: edsf-persona-store.vala:2078: Error in address book view query: GDBus.Error:org.gnome.evolution.dataserver.AddressBook.AuthenticationRequired: Authentication Required
      JS LOG: Removing an access point that was never added
      JS LOG: Removing an access point that was never added
Window manager warning: Buggy client sent a _NET_ACTIVE_WINDOW message with a timestamp of 0 for 0x3c00003 (Archive Ma)
Window manager warning: meta_window_activate called by a pager with a 0 timestamp; the pager needs to be fixed.
      JS LOG: Removing an access point that was never added

(gnome-shell:12718): Gvc-WARNING **: Sink callback failure
Window manager warning: Log level 8: meta_window_move_resize: assertion `!window->override_redirect' failed
Window manager warning: Log level 8: meta_window_move_resize: assertion `!window->override_redirect' failed
Window manager warning: Log level 8: meta_window_move_resize: assertion `!window->override_redirect' failed
Window manager warning: Log level 8: meta_window_move_resize: assertion `!window->override_redirect' failed
      JS LOG: Removing an access point that was never added
      JS LOG: Removing an access point that was never added
      JS LOG: Removing an access point that was never added
      JS LOG: Removing an access point that was never added
Window manager warning: Buggy client sent a _NET_ACTIVE_WINDOW message with a timestamp of 0 for 0x2400003 (Update Man)
Window manager warning: meta_window_activate called by a pager with a 0 timestamp; the pager needs to be fixed.
      JS LOG: Removing an access point that was never added
      JS LOG: Removing an access point that was never added

(gnome-shell:12718): eds-WARNING **: edsf-persona-store.vala:2078: Error in address book view query: GDBus.Error:org.gnome.evolution.dataserver.AddressBook.AuthenticationRequired: Authentication Required

(gnome-shell:12718): eds-WARNING **: edsf-persona-store.vala:2078: Error in address book view query: GDBus.Error:org.gnome.evolution.dataserver.AddressBook.AuthenticationRequired: Authentication Required
      JS LOG: Removing an access point that was never added
      JS LOG: Removing an access point that was never added
      JS LOG: Removing an access point that was never added
      JS LOG: Removing an access point that was never added
      JS LOG: Removing an access point that was never added

(gnome-shell:12718): eds-WARNING **: edsf-persona-store.vala:2078: Error in address book view query: GDBus.Error:org.gnome.evolution.dataserver.AddressBook.AuthenticationRequired: Authentication Required

(gnome-shell:12718): eds-WARNING **: edsf-persona-store.vala:2078: Error in address book view query: GDBus.Error:org.gnome.evolution.dataserver.AddressBook.AuthenticationRequired: Authentication Required
      JS LOG: Removing an access point that was never added
      JS LOG: Removing an access point that was never added
      JS LOG: Removing an access point that was never added
      JS LOG: Removing an access point that was never added
      JS LOG: Removing an access point that was never added
      JS LOG: Removing an access point that was never added
      JS LOG: Removing an access point that was never added
      JS LOG: Removing an access point that was never added
      JS LOG: Removing an access point that was never added
      JS LOG: Removing an access point that was never added
      JS LOG: Removing an access point that was never added
      JS LOG: Removing an access point that was never added
      JS LOG: Removing an access point that was never added
      JS LOG: Removing an access point that was never added
      JS LOG: Removing an access point that was never added
      JS LOG: Removing an access point that was never added
      JS LOG: Removing an access point that was never added
      JS LOG: Removing an access point that was never added
      JS LOG: Removing an access point that was never added
      JS LOG: Removing an access point that was never added
      JS LOG: Removing an access point that was never added
      JS LOG: Removing an access point that was never added
      JS LOG: Removing an access point that was never added
      JS LOG: Removing an access point that was never added

(gnome-shell:12718): eds-WARNING **: edsf-persona-store.vala:2078: Error in address book view query: GDBus.Error:org.gnome.evolution.dataserver.AddressBook.AuthenticationRequired: Authentication Required

(gnome-shell:12718): eds-WARNING **: edsf-persona-store.vala:2078: Error in address book view query: GDBus.Error:org.gnome.evolution.dataserver.AddressBook.AuthenticationRequired: Authentication Required
      JS LOG: Removing an access point that was never added
      JS LOG: Removing an access point that was never added
      JS LOG: Removing an access point that was never added
      JS LOG: Removing an access point that was never added
      JS LOG: Removing an access point that was never added
      JS LOG: Removing an access point that was never added
Window manager warning: Buggy client sent a _NET_ACTIVE_WINDOW message with a timestamp of 0 for 0x3a00003 (Archive Ma)
Window manager warning: meta_window_activate called by a pager with a 0 timestamp; the pager needs to be fixed.
Window manager warning: Buggy client sent a _NET_ACTIVE_WINDOW message with a timestamp of 0 for 0x3a00003 (Archive Ma)
Window manager warning: meta_window_activate called by a pager with a 0 timestamp; the pager needs to be fixed.
      JS LOG: Removing an access point that was never added
      JS LOG: Removing an access point that was never added
      JS LOG: Removing an access point that was never added
      JS LOG: Removing an access point that was never added
      JS LOG: Removing an access point that was never added
      JS LOG: Removing an access point that was never added
      JS LOG: Removing an access point that was never added
      JS LOG: Removing an access point that was never added
      JS LOG: Removing an access point that was never added
      JS LOG: Removing an access point that was never added
      JS LOG: Removing an access point that was never added
      JS LOG: Removing an access point that was never added
      JS LOG: Removing an access point that was never added
      JS LOG: Removing an access point that was never added
      JS LOG: Removing an access point that was never added
Window manager warning: Buggy client sent a _NET_ACTIVE_WINDOW message with a timestamp of 0 for 0x280f568 (New JUnit )
Window manager warning: meta_window_activate called by a pager with a 0 timestamp; the pager needs to be fixed.
Window manager warning: Buggy client sent a _NET_ACTIVE_WINDOW message with a timestamp of 0 for 0x28001ac (Java - org)
Window manager warning: meta_window_activate called by a pager with a 0 timestamp; the pager needs to be fixed.
Window manager warning: Buggy client sent a _NET_ACTIVE_WINDOW message with a timestamp of 0 for 0x28001ac (Java - gs-)
Window manager warning: meta_window_activate called by a pager with a 0 timestamp; the pager needs to be fixed.
Window manager warning: Buggy client sent a _NET_ACTIVE_WINDOW message with a timestamp of 0 for 0x28001ac (Java - gs-)
Window manager warning: meta_window_activate called by a pager with a 0 timestamp; the pager needs to be fixed.
Window manager warning: Buggy client sent a _NET_ACTIVE_WINDOW message with a timestamp of 0 for 0x28001ac (Java - gs-)
Window manager warning: meta_window_activate called by a pager with a 0 timestamp; the pager needs to be fixed.
      JS LOG: Removing an access point that was never added

(gnome-shell:12718): eds-WARNING **: edsf-persona-store.vala:2078: Error in address book view query: GDBus.Error:org.gnome.evolution.dataserver.AddressBook.AuthenticationRequired: Authentication Required

(gnome-shell:12718): eds-WARNING **: edsf-persona-store.vala:2078: Error in address book view query: GDBus.Error:org.gnome.evolution.dataserver.AddressBook.AuthenticationRequired: Authentication Required
Window manager warning: Buggy client sent a _NET_ACTIVE_WINDOW message with a timestamp of 0 for 0x281a353 (Save and L)
Window manager warning: meta_window_activate called by a pager with a 0 timestamp; the pager needs to be fixed.
Window manager warning: Buggy client sent a _NET_ACTIVE_WINDOW message with a timestamp of 0 for 0x28001ac (Java - gs-)
Window manager warning: meta_window_activate called by a pager with a 0 timestamp; the pager needs to be fixed.
      JS LOG: Removing an access point that was never added
      JS LOG: Removing an access point that was never added
      JS LOG: Removing an access point that was never added
      JS LOG: Removing an access point that was never added
      JS LOG: Removing an access point that was never added
      JS LOG: Removing an access point that was never added
      JS LOG: Removing an access point that was never added
Window manager warning: Buggy client sent a _NET_ACTIVE_WINDOW message with a timestamp of 0 for 0x28001ac (Java - gs-)
Window manager warning: meta_window_activate called by a pager with a 0 timestamp; the pager needs to be fixed.
      JS LOG: Removing an access point that was never added
      JS LOG: Removing an access point that was never added
      JS LOG: Removing an access point that was never added
      JS LOG: Removing an access point that was never added
      JS LOG: Removing an access point that was never added
      JS LOG: Removing an access point that was never added
      JS LOG: Removing an access point that was never added
      JS LOG: Removing an access point that was never added

(gnome-shell:12718): eds-WARNING **: edsf-persona-store.vala:2078: Error in address book view query: GDBus.Error:org.gnome.evolution.dataserver.AddressBook.AuthenticationRequired: Authentication Required

(gnome-shell:12718): eds-WARNING **: edsf-persona-store.vala:2078: Error in address book view query: GDBus.Error:org.gnome.evolution.dataserver.AddressBook.AuthenticationRequired: Authentication Required
Window manager warning: Buggy client sent a _NET_ACTIVE_WINDOW message with a timestamp of 0 for 0x2400003 (Archive Ma)
Window manager warning: meta_window_activate called by a pager with a 0 timestamp; the pager needs to be fixed.
Window manager warning: Buggy client sent a _NET_ACTIVE_WINDOW message with a timestamp of 0 for 0x2e00003 (Archive Ma)
Window manager warning: meta_window_activate called by a pager with a 0 timestamp; the pager needs to be fixed.
      JS LOG: Removing an access point that was never added
      JS LOG: Removing an access point that was never added
      JS LOG: Removing an access point that was never added
      JS LOG: Removing an access point that was never added
